<?xml version="1.0" encoding="UTF-8"?>
<coverage generated="1728906355126" clover="3.2.0">
  <project timestamp="1728906355126" name="All files">
    <metrics statements="36" coveredstatements="36" conditionals="12" coveredconditionals="12" methods="13" coveredmethods="10" elements="61" coveredelements="58" complexity="0" loc="36" ncloc="36" packages="1" files="3" classes="3"/>
    <file name="FigureCalculator.js" path="D:\MINDFULNESS BABY\Dicoding-IdCamp\BACKEND\math-api\src\FigureCalculator.js">
      <metrics statements="8" coveredstatements="8" conditionals="6" coveredconditionals="6" methods="5" coveredmethods="2"/>
      <line num="3" count="4" type="stmt"/>
      <line num="7" count="7" type="cond" truecount="2" falsecount="0"/>
      <line num="8" count="3" type="stmt"/>
      <line num="11" count="4" type="stmt"/>
      <line num="13" count="4" type="cond" truecount="4" falsecount="0"/>
      <line num="14" count="3" type="stmt"/>
      <line num="18" count="1" type="stmt"/>
      <line num="25" count="1" type="stmt"/>
    </file>
    <file name="MathBasic.js" path="D:\MINDFULNESS BABY\Dicoding-IdCamp\BACKEND\math-api\src\MathBasic.js">
      <metrics statements="16" coveredstatements="16" conditionals="6" coveredconditionals="6" methods="5" coveredmethods="5"/>
      <line num="1" count="3" type="stmt"/>
      <line num="3" count="41" type="cond" truecount="2" falsecount="0"/>
      <line num="4" count="13" type="stmt"/>
      <line num="7" count="28" type="stmt"/>
      <line num="9" count="28" type="cond" truecount="4" falsecount="0"/>
      <line num="10" count="12" type="stmt"/>
      <line num="12" count="16" type="stmt"/>
      <line num="15" count="12" type="stmt"/>
      <line num="16" count="5" type="stmt"/>
      <line num="19" count="10" type="stmt"/>
      <line num="20" count="4" type="stmt"/>
      <line num="23" count="10" type="stmt"/>
      <line num="24" count="4" type="stmt"/>
      <line num="27" count="9" type="stmt"/>
      <line num="28" count="3" type="stmt"/>
      <line num="32" count="3" type="stmt"/>
    </file>
    <file name="createServer.js" path="D:\MINDFULNESS BABY\Dicoding-IdCamp\BACKEND\math-api\src\createServer.js">
      <metrics statements="12" coveredstatements="12" conditionals="0" coveredconditionals="0" methods="3" coveredmethods="3"/>
      <line num="1" count="1" type="stmt"/>
      <line num="3" count="1" type="stmt"/>
      <line num="4" count="2" type="stmt"/>
      <line num="9" count="2" type="stmt"/>
      <line num="14" count="1" type="stmt"/>
      <line num="15" count="1" type="stmt"/>
      <line num="16" count="1" type="stmt"/>
      <line num="23" count="1" type="stmt"/>
      <line num="24" count="1" type="stmt"/>
      <line num="25" count="1" type="stmt"/>
      <line num="30" count="2" type="stmt"/>
      <line num="33" count="1" type="stmt"/>
    </file>
  </project>
</coverage>
