TN:
SF:src\FigureCalculator.js
FN:2,(anonymous_0)
FN:6,(anonymous_1)
FN:20,(anonymous_2)
FN:21,(anonymous_3)
FN:22,(anonymous_4)
FNF:5
FNH:2
FNDA:4,(anonymous_0)
FNDA:7,(anonymous_1)
FNDA:0,(anonymous_2)
FNDA:0,(anonymous_3)
FNDA:0,(anonymous_4)
DA:3,4
DA:7,7
DA:8,3
DA:11,4
DA:13,4
DA:14,3
DA:18,1
DA:25,1
LF:8
LH:8
BRDA:7,0,0,3
BRDA:7,0,1,4
BRDA:13,1,0,3
BRDA:13,1,1,1
BRDA:13,2,0,4
BRDA:13,2,1,1
BRF:6
BRH:6
end_of_record
TN:
SF:src\MathBasic.js
FN:2,(anonymous_0)
FN:14,(anonymous_1)
FN:18,(anonymous_2)
FN:22,(anonymous_3)
FN:26,(anonymous_4)
FNF:5
FNH:5
FNDA:41,(anonymous_0)
FNDA:12,(anonymous_1)
FNDA:10,(anonymous_2)
FNDA:10,(anonymous_3)
FNDA:9,(anonymous_4)
DA:1,3
DA:3,41
DA:4,13
DA:7,28
DA:9,28
DA:10,12
DA:12,16
DA:15,12
DA:16,5
DA:19,10
DA:20,4
DA:23,10
DA:24,4
DA:27,9
DA:28,3
DA:32,3
LF:16
LH:16
BRDA:3,0,0,13
BRDA:3,0,1,28
BRDA:9,1,0,12
BRDA:9,1,1,16
BRDA:9,2,0,28
BRDA:9,2,1,16
BRF:6
BRH:6
end_of_record
TN:
SF:src\createServer.js
FN:3,(anonymous_0)
FN:13,(anonymous_1)
FN:22,(anonymous_2)
FNF:3
FNH:3
FNDA:2,(anonymous_0)
FNDA:1,(anonymous_1)
FNDA:1,(anonymous_2)
DA:1,1
DA:3,1
DA:4,2
DA:9,2
DA:14,1
DA:15,1
DA:16,1
DA:23,1
DA:24,1
DA:25,1
DA:30,2
DA:33,1
LF:12
LH:12
BRF:0
BRH:0
end_of_record
